The system is: Windows - 10.0.17134 - AMD64
Compiling the CXX compiler identification source file "CMakeCXXCompilerId.cpp" succeeded.
Compiler: C:/Program Files (x86)/Microsoft Visual Studio/2019/Community/VC/Tools/MSVC/14.23.28105/bin/HostX64/x64/cl.exe 
Build flags: 
Id flags:  

The output was:
0
Microsoft (R) C/C++ Optimizing Compiler Version 19.23.28106.4 for x64
Copyright (C) Microsoft Corporation.  All rights reserved.

CMakeCXXCompilerId.cpp
Microsoft (R) Incremental Linker Version 14.23.28106.4
Copyright (C) Microsoft Corporation.  All rights reserved.

/out:CMakeCXXCompilerId.exe 
CMakeCXXCompilerId.obj 


Compilation of the CXX compiler identification source "CMakeCXXCompilerId.cpp" produced "CMakeCXXCompilerId.exe"

Compilation of the CXX compiler identification source "CMakeCXXCompilerId.cpp" produced "CMakeCXXCompilerId.obj"

The CXX compiler identification is MSVC, found in "C:/Users/rcoppers/Desktop/Projects/Stabilization Platform/ceees-lidar-platform-master/lib-src/vnproglib-1.1/cpp/out/build/x64-Debug/CMakeFiles/3.15.19080502-MSVC_2/CompilerIdCXX/CMakeCXXCompilerId.exe"

Determining if the CXX compiler works passed with the following output:
Change Dir: C:/Users/rcoppers/Desktop/Projects/Stabilization Platform/ceees-lidar-platform-master/lib-src/vnproglib-1.1/cpp/out/build/x64-Debug/CMakeFiles/CMakeTmp

Run Build Command(s):C:/Program Files (x86)/Microsoft Visual Studio/2019/Community/Common7/IDE/CommonExtensions/Microsoft/CMake/Ninja/ninja.exe cmTC_5655b && [1/2] Building CXX object CMakeFiles\cmTC_5655b.dir\testCXXCompiler.cxx.obj
[2/2] Linking CXX executable cmTC_5655b.exe



Detecting CXX compiler ABI info compiled with the following output:
Change Dir: C:/Users/rcoppers/Desktop/Projects/Stabilization Platform/ceees-lidar-platform-master/lib-src/vnproglib-1.1/cpp/out/build/x64-Debug/CMakeFiles/CMakeTmp

Run Build Command(s):C:/Program Files (x86)/Microsoft Visual Studio/2019/Community/Common7/IDE/CommonExtensions/Microsoft/CMake/Ninja/ninja.exe cmTC_58f52 && [1/2] Building CXX object CMakeFiles\cmTC_58f52.dir\CMakeCXXCompilerABI.cpp.obj
[2/2] Linking CXX executable cmTC_58f52.exe



